RhythmRotisserie/Library/Bee/Android/Prj/Mono2x/Gradle/unityLibrary/build/intermediates/manifest_merge_blame_file/debug/manifest-merger-blame-debug-report.txt
1<?xml version="1.0" encoding="utf-8"?>
2<manifest xmlns:android="http://schemas.android.com/apk/res/android"
3    xmlns:tools="http://schemas.android.com/tools"
4    package="com.unity3d.player"
5    android:versionCode="1"
6    android:versionName="0.2" >
7
8    <uses-sdk
9        android:minSdkVersion="24"
9-->src\main\AndroidManifest.xml
10        android:targetSdkVersion="30" />
10-->src\main\AndroidManifest.xml
11
12    <uses-feature android:glEsVersion="0x00030000" />
12-->src\main\AndroidManifest.xml:18:3-52
12-->src\main\AndroidManifest.xml:18:17-49
13
14    <uses-permission android:name="android.permission.INTERNET" />
14-->src\main\AndroidManifest.xml:19:3-65
14-->src\main\AndroidManifest.xml:19:20-62
15    <uses-permission android:name="android.permission.VIBRATE" />
15-->src\main\AndroidManifest.xml:20:3-64
15-->src\main\AndroidManifest.xml:20:20-61
16    <uses-permission android:name="android.permission.ACCESS_NETWORK_STATE" />
16-->src\main\AndroidManifest.xml:21:3-77
16-->src\main\AndroidManifest.xml:21:20-74
17
18    <uses-feature
18-->src\main\AndroidManifest.xml:22:3-88
19        android:name="android.hardware.touchscreen"
19-->src\main\AndroidManifest.xml:22:17-60
20        android:required="false" />
20-->src\main\AndroidManifest.xml:22:61-85
21    <uses-feature
21-->src\main\AndroidManifest.xml:23:3-99
22        android:name="android.hardware.touchscreen.multitouch"
22-->src\main\AndroidManifest.xml:23:17-71
23        android:required="false" />
23-->src\main\AndroidManifest.xml:23:72-96
24    <uses-feature
24-->src\main\AndroidManifest.xml:24:3-108
25        android:name="android.hardware.touchscreen.multitouch.distinct"
25-->src\main\AndroidManifest.xml:24:17-80
26        android:required="false" />
26-->src\main\AndroidManifest.xml:24:81-105
27
28    <uses-permission android:name="android.permission.CAMERA" />
28-->src\main\AndroidManifest.xml:25:3-63
28-->src\main\AndroidManifest.xml:25:20-60
29
30    <uses-feature
30-->src\main\AndroidManifest.xml:26:3-85
31        android:name="android.hardware.camera.ar"
31-->src\main\AndroidManifest.xml:26:17-58
32        android:required="true" />
32-->src\main\AndroidManifest.xml:26:59-82
33    <uses-feature
33-->src\main\AndroidManifest.xml:27:3-83
34        android:name="com.google.ar.core.depth"
34-->src\main\AndroidManifest.xml:27:17-56
35        android:required="true" />
35-->src\main\AndroidManifest.xml:27:57-80
36
37    <application android:extractNativeLibs="true" >
37-->src\main\AndroidManifest.xml:3:3-17:17
37-->src\main\AndroidManifest.xml:3:16-48
38        <activity
38-->src\main\AndroidManifest.xml:4:5-10:16
39            android:name="com.unity3d.player.UnityPlayerActivity"
39-->src\main\AndroidManifest.xml:4:15-68
40            android:configChanges="mcc|mnc|locale|touchscreen|keyboard|keyboardHidden|navigation|orientation|screenLayout|uiMode|screenSize|smallestScreenSize|fontScale|layoutDirection|density"
40-->src\main\AndroidManifest.xml:4:181-362
41            android:hardwareAccelerated="false"
41-->src\main\AndroidManifest.xml:4:398-433
42            android:launchMode="singleTask"
42-->src\main\AndroidManifest.xml:4:149-180
43            android:resizeableActivity="false"
43-->src\main\AndroidManifest.xml:4:363-397
44            android:screenOrientation="landscape"
44-->src\main\AndroidManifest.xml:4:111-148
45            android:theme="@style/UnityThemeSelector" >
45-->src\main\AndroidManifest.xml:4:69-110
46            <intent-filter>
46-->src\main\AndroidManifest.xml:5:7-8:23
47                <action android:name="android.intent.action.MAIN" />
47-->src\main\AndroidManifest.xml:6:9-61
47-->src\main\AndroidManifest.xml:6:17-58
48
49                <category android:name="android.intent.category.LAUNCHER" />
49-->src\main\AndroidManifest.xml:7:9-69
49-->src\main\AndroidManifest.xml:7:19-66
50            </intent-filter>
51
52            <meta-data
52-->src\main\AndroidManifest.xml:9:7-82
53                android:name="unityplayer.UnityActivity"
53-->src\main\AndroidManifest.xml:9:18-58
54                android:value="true" />
54-->src\main\AndroidManifest.xml:9:59-79
55        </activity>
56
57        <meta-data
57-->src\main\AndroidManifest.xml:11:5-69
58            android:name="unity.splash-mode"
58-->src\main\AndroidManifest.xml:11:16-48
59            android:value="0" />
59-->src\main\AndroidManifest.xml:11:49-66
60        <meta-data
60-->src\main\AndroidManifest.xml:12:5-74
61            android:name="unity.splash-enable"
61-->src\main\AndroidManifest.xml:12:16-50
62            android:value="True" />
62-->src\main\AndroidManifest.xml:12:51-71
63        <meta-data
63-->src\main\AndroidManifest.xml:13:5-78
64            android:name="unity.launch-fullscreen"
64-->src\main\AndroidManifest.xml:13:16-54
65            android:value="True" />
65-->src\main\AndroidManifest.xml:13:55-75
66        <meta-data
66-->src\main\AndroidManifest.xml:14:5-84
67            android:name="unity.allow-resizable-window"
67-->src\main\AndroidManifest.xml:14:16-59
68            android:value="False" />
68-->src\main\AndroidManifest.xml:14:60-81
69        <meta-data
69-->src\main\AndroidManifest.xml:15:5-88
70            android:name="unityplayer.SkipPermissionsDialog"
70-->src\main\AndroidManifest.xml:15:16-64
71            android:value="true" />
71-->src\main\AndroidManifest.xml:15:65-85
72        <meta-data
72-->src\main\AndroidManifest.xml:16:5-77
73            android:name="com.google.ar.core"
73-->src\main\AndroidManifest.xml:16:16-49
74            android:value="required" />
74-->src\main\AndroidManifest.xml:16:50-74
75    </application>
76
77</manifest>